Sign-Language-Translator/app/build/intermediates/manifest_merge_blame_file/debug/manifest-merger-blame-debug-report.txt
1<?xml version="1.0" encoding="utf-8"?>
2<manifest xmlns:android="http://schemas.android.com/apk/res/android"
3    package="com.sign.language"
4    android:versionCode="1"
5    android:versionName="1.0" >
6
7    <uses-sdk
8        android:minSdkVersion="16"
8-->src\main\AndroidManifest.xml
9        android:targetSdkVersion="26" />
9-->src\main\AndroidManifest.xml
10
11    <uses-permission android:name="android.permission.RECORD_AUDIO" />
11-->src\main\AndroidManifest.xml:8:5-71
11-->src\main\AndroidManifest.xml:8:22-68
12    <uses-permission android:name="android.permission.INTERNET" />
12-->src\main\AndroidManifest.xml:9:5-67
12-->src\main\AndroidManifest.xml:9:22-64
13    <uses-permission android:name="android.permission.WRITE_EXTERNAL_STORAGE" />
13-->src\main\AndroidManifest.xml:10:5-81
13-->src\main\AndroidManifest.xml:10:22-78
14    <uses-permission android:name="android.permission.READ_PHONE_STATE" />
14-->src\main\AndroidManifest.xml:11:5-75
14-->src\main\AndroidManifest.xml:11:22-72
15    <uses-permission android:name="android.permission.READ_EXTERNAL_STORAGE" />
15-->src\main\AndroidManifest.xml:12:5-80
15-->src\main\AndroidManifest.xml:12:22-77
16
17    <meta-data
17-->[com.android.support:design:26.0.0-alpha1] AndroidManifest.xml:25:5-27:41
18        android:name="android.support.VERSION"
18-->[com.android.support:design:26.0.0-alpha1] AndroidManifest.xml:26:9-47
19        android:value="26.0.0-alpha1" />
19-->[com.android.support:design:26.0.0-alpha1] AndroidManifest.xml:27:9-38
20
21    <uses-permission android:name="android.permission.CAMERA" />
21-->[com.wonderkiln:camerakit:0.13.1] AndroidManifest.xml:11:5-65
21-->[com.wonderkiln:camerakit:0.13.1] AndroidManifest.xml:11:22-62
22
23    <uses-feature android:name="android.hardware.camera" />
23-->[com.wonderkiln:camerakit:0.13.1] AndroidManifest.xml:14:5-60
23-->[com.wonderkiln:camerakit:0.13.1] AndroidManifest.xml:14:19-57
24    <uses-feature
24-->[com.wonderkiln:camerakit:0.13.1] AndroidManifest.xml:15:5-17:36
25        android:name="android.hardware.camera.autofocus"
25-->[com.wonderkiln:camerakit:0.13.1] AndroidManifest.xml:16:9-57
26        android:required="false" />
26-->[com.wonderkiln:camerakit:0.13.1] AndroidManifest.xml:17:9-33
27    <uses-feature
27-->[com.wonderkiln:camerakit:0.13.1] AndroidManifest.xml:18:5-20:36
28        android:name="android.hardware.camera.front"
28-->[com.wonderkiln:camerakit:0.13.1] AndroidManifest.xml:19:9-53
29        android:required="false" />
29-->[com.wonderkiln:camerakit:0.13.1] AndroidManifest.xml:20:9-33
30    <uses-feature
30-->[com.wonderkiln:camerakit:0.13.1] AndroidManifest.xml:21:5-23:36
31        android:name="android.hardware.microphone"
31-->[com.wonderkiln:camerakit:0.13.1] AndroidManifest.xml:22:9-51
32        android:required="false" />
32-->[com.wonderkiln:camerakit:0.13.1] AndroidManifest.xml:23:9-33
33
34    <application
34-->src\main\AndroidManifest.xml:14:5-94:19
35        android:allowBackup="true"
35-->src\main\AndroidManifest.xml:15:9-35
36        android:debuggable="true"
37        android:icon="@drawable/icon"
37-->src\main\AndroidManifest.xml:16:9-38
38        android:label="@string/app_name"
38-->src\main\AndroidManifest.xml:17:9-41
39        android:testOnly="true"
40        android:theme="@android:style/Theme.NoTitleBar" >
40-->src\main\AndroidManifest.xml:18:9-56
41        <activity
41-->src\main\AndroidManifest.xml:19:9-29:20
42            android:name="com.sign.language.MainActivity"
42-->src\main\AndroidManifest.xml:20:13-41
43            android:configChanges="orientation|keyboardHidden"
43-->src\main\AndroidManifest.xml:21:13-63
44            android:label="@string/app_name"
44-->src\main\AndroidManifest.xml:22:13-45
45            android:screenOrientation="portrait" >
45-->src\main\AndroidManifest.xml:23:13-49
46            <intent-filter>
46-->src\main\AndroidManifest.xml:24:13-28:29
47                <action android:name="android.intent.action.MainActivity" />
47-->src\main\AndroidManifest.xml:25:17-77
47-->src\main\AndroidManifest.xml:25:25-74
48
49                <category android:name="android.intent.category.DEFAULT" />
49-->src\main\AndroidManifest.xml:27:17-76
49-->src\main\AndroidManifest.xml:27:27-73
50            </intent-filter>
51        </activity>
52        <activity
52-->src\main\AndroidManifest.xml:30:9-40:20
53            android:name="com.sign.language.FirstActivity"
53-->src\main\AndroidManifest.xml:31:13-42
54            android:configChanges="orientation|keyboardHidden"
54-->src\main\AndroidManifest.xml:32:13-63
55            android:label="@string/app_name"
55-->src\main\AndroidManifest.xml:33:13-45
56            android:screenOrientation="portrait" >
56-->src\main\AndroidManifest.xml:34:13-49
57            <intent-filter>
57-->src\main\AndroidManifest.xml:35:13-39:29
58                <action android:name="android.intent.action.FirstActivity" />
58-->src\main\AndroidManifest.xml:36:17-78
58-->src\main\AndroidManifest.xml:36:25-75
59
60                <category android:name="android.intent.category.DEFAULT" />
60-->src\main\AndroidManifest.xml:27:17-76
60-->src\main\AndroidManifest.xml:27:27-73
61            </intent-filter>
62        </activity>
63        <activity
63-->src\main\AndroidManifest.xml:41:9-51:20
64            android:name="com.sign.language.DisplayActivity"
64-->src\main\AndroidManifest.xml:42:13-44
65            android:configChanges="orientation|keyboardHidden"
65-->src\main\AndroidManifest.xml:43:13-63
66            android:label="@string/app_name"
66-->src\main\AndroidManifest.xml:44:13-45
67            android:screenOrientation="portrait" >
67-->src\main\AndroidManifest.xml:45:13-49
68            <intent-filter>
68-->src\main\AndroidManifest.xml:46:13-50:29
69                <action android:name="android.intent.action.DisplayActivity" />
69-->src\main\AndroidManifest.xml:47:17-80
69-->src\main\AndroidManifest.xml:47:25-77
70
71                <category android:name="android.intent.category.DEFAULT" />
71-->src\main\AndroidManifest.xml:27:17-76
71-->src\main\AndroidManifest.xml:27:27-73
72            </intent-filter>
73        </activity>
74        <activity
74-->src\main\AndroidManifest.xml:52:9-56:52
75            android:name="com.sign.language.SearchText"
75-->src\main\AndroidManifest.xml:53:13-39
76            android:configChanges="orientation|keyboardHidden"
76-->src\main\AndroidManifest.xml:54:13-63
77            android:label="@string/app_name"
77-->src\main\AndroidManifest.xml:55:13-45
78            android:screenOrientation="portrait" />
78-->src\main\AndroidManifest.xml:56:13-49
79        <activity
79-->src\main\AndroidManifest.xml:57:9-59:47
80            android:name="com.sign.language.RegistrationActivity"
80-->src\main\AndroidManifest.xml:58:13-49
81            android:theme="@style/AppTheme" />
81-->src\main\AndroidManifest.xml:59:13-44
82        <activity
82-->src\main\AndroidManifest.xml:60:9-68:20
83            android:name="com.sign.language.LoginActivity"
83-->src\main\AndroidManifest.xml:61:13-42
84            android:theme="@style/AppTheme" >
84-->src\main\AndroidManifest.xml:62:13-44
85            <intent-filter>
85-->src\main\AndroidManifest.xml:63:13-67:29
86                <action android:name="android.intent.action.MAIN" />
86-->src\main\AndroidManifest.xml:64:17-69
86-->src\main\AndroidManifest.xml:64:25-66
87
88                <category android:name="android.intent.category.LAUNCHER" />
88-->src\main\AndroidManifest.xml:66:17-77
88-->src\main\AndroidManifest.xml:66:27-74
89            </intent-filter>
90        </activity>
91        <activity android:name="com.sign.language.SplashScreen" />
91-->src\main\AndroidManifest.xml:69:9-59
91-->src\main\AndroidManifest.xml:69:19-47
92        <activity
92-->src\main\AndroidManifest.xml:70:9-74:63
93            android:name="com.sign.language.SelectActivity"
93-->src\main\AndroidManifest.xml:71:13-43
94            android:label="@string/app_name"
94-->src\main\AndroidManifest.xml:72:13-45
95            android:screenOrientation="portrait"
95-->src\main\AndroidManifest.xml:73:13-49
96            android:theme="@style/Theme.AppCompat" />
96-->src\main\AndroidManifest.xml:74:13-51
97        <activity
97-->src\main\AndroidManifest.xml:75:9-79:20
98            android:name="com.sign.language.SignLanguagePhotoActivity"
98-->src\main\AndroidManifest.xml:76:13-54
99            android:label="@string/title_activity_sign_language_photo" >
99-->src\main\AndroidManifest.xml:77:13-71
100        </activity>
101        <activity
101-->src\main\AndroidManifest.xml:80:9-86:20
102            android:name="com.sign.language.TakePhotoSignLang"
102-->src\main\AndroidManifest.xml:81:13-46
103            android:label="@string/app_name"
103-->src\main\AndroidManifest.xml:82:13-45
104            android:screenOrientation="portrait"
104-->src\main\AndroidManifest.xml:83:13-49
105            android:theme="@style/Theme.AppCompat" >
105-->src\main\AndroidManifest.xml:84:13-51
106        </activity>
107        <activity
107-->src\main\AndroidManifest.xml:87:9-93:20
108            android:name="com.sign.language.Photo"
108-->src\main\AndroidManifest.xml:88:13-34
109            android:label="@string/app_name"
109-->src\main\AndroidManifest.xml:89:13-45
110            android:screenOrientation="portrait"
110-->src\main\AndroidManifest.xml:90:13-49
111            android:theme="@style/Theme.AppCompat" >
111-->src\main\AndroidManifest.xml:91:13-51
112        </activity>
113
114        <meta-data
114-->[com.android.support:design:26.0.0-alpha1] AndroidManifest.xml:25:5-27:41
115            android:name="android.support.VERSION"
115-->[com.android.support:design:26.0.0-alpha1] AndroidManifest.xml:26:9-47
116            android:value="26.1.0" />
116-->[com.android.support:design:26.0.0-alpha1] AndroidManifest.xml:27:9-38
117    </application>
118
119</manifest>